=== PATCH language=fr (expect 200) ===
{
  "data": {
    "id": "d27bc386-fa20-403c-aa00-a537bc62595e",
    "name": "politicas_tienda",
    "vertical": "hr_policies",
    "language": "fr",
    "enabled": true,
    "metadata": {
      "source": "People Tech sandbox",
      "description": "Colección de políticas de recursos humanos para verificación"
    }
  },
  "meta": {
    "request_id": "tester-t002-patch-lang"
  }
}
=== PATCH language=es (restore) ===
{
  "data": {
    "id": "d27bc386-fa20-403c-aa00-a537bc62595e",
    "name": "politicas_tienda",
    "vertical": "hr_policies",
    "language": "es",
    "enabled": true,
    "metadata": {
      "source": "People Tech sandbox",
      "description": "Colección de políticas de recursos humanos para verificación"
    }
  },
  "meta": {
    "request_id": "tester-t002-patch-lang-restore"
  }
}
