[2m2026-05-09T05:08:00.123044Z[0m [[32m[1mdebug    [0m] [1mAFTER configure_logging: structlog configured[0m [[0m[1m[34mapp.core.logging[0m][0m [36mlog_level[0m=[35mDEBUG[0m [36mverbose[0m=[35mTrue[0m
INFO:     Started server process [96259]
INFO:     Waiting for application startup.
INFO:     Application startup complete.
INFO:     Uvicorn running on http://127.0.0.1:8000 (Press CTRL+C to quit)
[2m2026-05-09T05:08:01.690445Z[0m [[32m[1mdebug    [0m] [1mBEFORE health.start: computing uptime[0m [[0m[1m[34mapp.api.router[0m][0m [36mrequest_id[0m=[35m6b1b4c70f3d944e681e6aee2d6c49d0c[0m
[2m2026-05-09T05:08:01.690634Z[0m [[32m[1mdebug    [0m] [1mAFTER health.ok: returning status[0m [[0m[1m[34mapp.api.router[0m][0m [36mrequest_id[0m=[35m6b1b4c70f3d944e681e6aee2d6c49d0c[0m [36mstatus[0m=[35mok[0m [36muptime_s[0m=[35m1.059[0m
INFO:     127.0.0.1:54233 - "GET /health HTTP/1.1" 200 OK
[2m2026-05-09T05:08:01.712846Z[0m [[32m[1mdebug    [0m] [1mBEFORE health.live.start: computing uptime[0m [[0m[1m[34mapp.api.router[0m][0m [36mrequest_id[0m=[35m6e9c392b8b91429e9484e0fd280c6ac3[0m
[2m2026-05-09T05:08:01.712995Z[0m [[32m[1mdebug    [0m] [1mAFTER health.live.ok: process alive[0m [[0m[1m[34mapp.api.router[0m][0m [36mrequest_id[0m=[35m6e9c392b8b91429e9484e0fd280c6ac3[0m [36muptime_s[0m=[35m1.081[0m
INFO:     127.0.0.1:54234 - "GET /live HTTP/1.1" 200 OK
[2m2026-05-09T05:08:01.733308Z[0m [[32m[1mdebug    [0m] [1mBEFORE health.ready.start: starting dependency probes[0m [[0m[1m[34mapp.api.router[0m][0m [36mrequest_id[0m=[35m86bef18e695c42069c54c9ad843b1204[0m
[2m2026-05-09T05:08:01.733430Z[0m [[32m[1mdebug    [0m] [1mBEFORE health.db.start: connecting to DB for SELECT 1[0m [[0m[1m[34mapp.api.router[0m][0m [36mrequest_id[0m=[35m86bef18e695c42069c54c9ad843b1204[0m
[2m2026-05-09T05:08:01.733509Z[0m [[32m[1mdebug    [0m] [1mBEFORE _get_engine: creating async engine[0m [[0m[1m[34mapp.core.db[0m][0m [36mrequest_id[0m=[35m86bef18e695c42069c54c9ad843b1204[0m
[2m2026-05-09T05:08:01.733576Z[0m [[32m[1mdebug    [0m] [1mBEFORE get_settings: loading from environment[0m [[0m[1m[34mapp.core.config[0m][0m [36mrequest_id[0m=[35m86bef18e695c42069c54c9ad843b1204[0m
[2m2026-05-09T05:08:01.734246Z[0m [[32m[1mdebug    [0m] [1mAFTER get_settings: loaded (api_host=127.0.0.1, api_port=8000, verbose=True)[0m [[0m[1m[34mapp.core.config[0m][0m [36mrequest_id[0m=[35m86bef18e695c42069c54c9ad843b1204[0m
[2m2026-05-09T05:08:01.788990Z[0m [[32m[1mdebug    [0m] [1mAFTER _get_engine: engine created (host redacted)[0m [[0m[1m[34mapp.core.db[0m][0m [36mrequest_id[0m=[35m86bef18e695c42069c54c9ad843b1204[0m
2026-05-09 07:08:01,837 INFO sqlalchemy.engine.Engine select pg_catalog.version()
[2m2026-05-09T05:08:01.837247Z[0m [[32m[1minfo     [0m] [1mselect pg_catalog.version()   [0m [[0m[1m[34msqlalchemy.engine.Engine[0m][0m [36mrequest_id[0m=[35m86bef18e695c42069c54c9ad843b1204[0m
2026-05-09 07:08:01,837 INFO sqlalchemy.engine.Engine [raw sql] ()
[2m2026-05-09T05:08:01.837340Z[0m [[32m[1minfo     [0m] [1m[raw sql] ()                  [0m [[0m[1m[34msqlalchemy.engine.Engine[0m][0m [36mrequest_id[0m=[35m86bef18e695c42069c54c9ad843b1204[0m
2026-05-09 07:08:01,841 INFO sqlalchemy.engine.Engine select current_schema()
[2m2026-05-09T05:08:01.841081Z[0m [[32m[1minfo     [0m] [1mselect current_schema()       [0m [[0m[1m[34msqlalchemy.engine.Engine[0m][0m [36mrequest_id[0m=[35m86bef18e695c42069c54c9ad843b1204[0m
2026-05-09 07:08:01,841 INFO sqlalchemy.engine.Engine [raw sql] ()
[2m2026-05-09T05:08:01.841156Z[0m [[32m[1minfo     [0m] [1m[raw sql] ()                  [0m [[0m[1m[34msqlalchemy.engine.Engine[0m][0m [36mrequest_id[0m=[35m86bef18e695c42069c54c9ad843b1204[0m
2026-05-09 07:08:01,843 INFO sqlalchemy.engine.Engine show standard_conforming_strings
[2m2026-05-09T05:08:01.843377Z[0m [[32m[1minfo     [0m] [1mshow standard_conforming_strings[0m [[0m[1m[34msqlalchemy.engine.Engine[0m][0m [36mrequest_id[0m=[35m86bef18e695c42069c54c9ad843b1204[0m
2026-05-09 07:08:01,843 INFO sqlalchemy.engine.Engine [raw sql] ()
[2m2026-05-09T05:08:01.843468Z[0m [[32m[1minfo     [0m] [1m[raw sql] ()                  [0m [[0m[1m[34msqlalchemy.engine.Engine[0m][0m [36mrequest_id[0m=[35m86bef18e695c42069c54c9ad843b1204[0m
2026-05-09 07:08:01,845 INFO sqlalchemy.engine.Engine BEGIN (implicit)
[2m2026-05-09T05:08:01.845155Z[0m [[32m[1minfo     [0m] [1mBEGIN (implicit)              [0m [[0m[1m[34msqlalchemy.engine.Engine[0m][0m [36mrequest_id[0m=[35m86bef18e695c42069c54c9ad843b1204[0m
2026-05-09 07:08:01,845 INFO sqlalchemy.engine.Engine SELECT 1
[2m2026-05-09T05:08:01.845205Z[0m [[32m[1minfo     [0m] [1mSELECT 1                      [0m [[0m[1m[34msqlalchemy.engine.Engine[0m][0m [36mrequest_id[0m=[35m86bef18e695c42069c54c9ad843b1204[0m
2026-05-09 07:08:01,845 INFO sqlalchemy.engine.Engine [generated in 0.00013s] ()
[2m2026-05-09T05:08:01.845258Z[0m [[32m[1minfo     [0m] [1m[generated in 0.00013s] ()    [0m [[0m[1m[34msqlalchemy.engine.Engine[0m][0m [36mrequest_id[0m=[35m86bef18e695c42069c54c9ad843b1204[0m
2026-05-09 07:08:01,847 INFO sqlalchemy.engine.Engine ROLLBACK
[2m2026-05-09T05:08:01.847083Z[0m [[32m[1minfo     [0m] [1mROLLBACK                      [0m [[0m[1m[34msqlalchemy.engine.Engine[0m][0m [36mrequest_id[0m=[35m86bef18e695c42069c54c9ad843b1204[0m
[2m2026-05-09T05:08:01.847598Z[0m [[32m[1mdebug    [0m] [1mAFTER health.db.ok: SELECT 1 succeeded[0m [[0m[1m[34mapp.api.router[0m][0m [36mrequest_id[0m=[35m86bef18e695c42069c54c9ad843b1204[0m
[2m2026-05-09T05:08:01.847647Z[0m [[32m[1mdebug    [0m] [1mAFTER health.ready.ok: all wired probes passed[0m [[0m[1m[34mapp.api.router[0m][0m [36mdb_status[0m=[35mok[0m [36mrequest_id[0m=[35m86bef18e695c42069c54c9ad843b1204[0m
INFO:     127.0.0.1:54236 - "GET /ready HTTP/1.1" 200 OK
[2m2026-05-09T05:08:01.863685Z[0m [[32m[1mdebug    [0m] [1mBEFORE health.start: computing uptime[0m [[0m[1m[34mapp.api.router[0m][0m [36mrequest_id[0m=[35mreverify-fix-001[0m
[2m2026-05-09T05:08:01.863797Z[0m [[32m[1mdebug    [0m] [1mAFTER health.ok: returning status[0m [[0m[1m[34mapp.api.router[0m][0m [36mrequest_id[0m=[35mreverify-fix-001[0m [36mstatus[0m=[35mok[0m [36muptime_s[0m=[35m1.232[0m
INFO:     127.0.0.1:54239 - "GET /health HTTP/1.1" 200 OK
INFO:     Shutting down
INFO:     Waiting for application shutdown.
INFO:     Application shutdown complete.
INFO:     Finished server process [96259]
