[2m2026-05-09T04:42:23.194416Z[0m [[32m[1mdebug    [0m] [1mAFTER configure_logging: structlog configured[0m [[0m[1m[34mapp.core.logging[0m][0m [36mlog_level[0m=[35mDEBUG[0m [36mverbose[0m=[35mTrue[0m
INFO:     Started server process [90421]
INFO:     Waiting for application startup.
INFO:     Application startup complete.
INFO:     Uvicorn running on http://127.0.0.1:8000 (Press CTRL+C to quit)
[2m2026-05-09T04:42:45.384369Z[0m [[32m[1mdebug    [0m] [1mBEFORE health.start: computing uptime[0m [[0m[1m[34mapp.api.router[0m][0m [36mrequest_id[0m=[35me37c6b463f4640b5a67fc7d0ce60e7aa[0m
[2m2026-05-09T04:42:45.384863Z[0m [[32m[1mdebug    [0m] [1mAFTER health.ok: returning status[0m [[0m[1m[34mapp.api.router[0m][0m [36mrequest_id[0m=[35me37c6b463f4640b5a67fc7d0ce60e7aa[0m [36mstatus[0m=[35mok[0m [36muptime_s[0m=[35m21.823[0m
INFO:     127.0.0.1:51880 - "GET /health HTTP/1.1" 200 OK
[2m2026-05-09T04:42:45.414896Z[0m [[32m[1mdebug    [0m] [1mBEFORE health.live.start: computing uptime[0m [[0m[1m[34mapp.api.router[0m][0m [36mrequest_id[0m=[35m2e3b8e8e8f41488d8d97ce198d3635b2[0m
[2m2026-05-09T04:42:45.415042Z[0m [[32m[1mdebug    [0m] [1mAFTER health.live.ok: process alive[0m [[0m[1m[34mapp.api.router[0m][0m [36mrequest_id[0m=[35m2e3b8e8e8f41488d8d97ce198d3635b2[0m [36muptime_s[0m=[35m21.853[0m
INFO:     127.0.0.1:51881 - "GET /live HTTP/1.1" 200 OK
[2m2026-05-09T04:42:45.441493Z[0m [[32m[1mdebug    [0m] [1mBEFORE health.ready.start: starting dependency probes[0m [[0m[1m[34mapp.api.router[0m][0m [36mrequest_id[0m=[35m8245e9955f404e2691465cbe62a9e716[0m
[2m2026-05-09T04:42:45.441616Z[0m [[32m[1mdebug    [0m] [1mBEFORE health.db.start: connecting to DB for SELECT 1[0m [[0m[1m[34mapp.api.router[0m][0m [36mrequest_id[0m=[35m8245e9955f404e2691465cbe62a9e716[0m
[2m2026-05-09T04:42:45.441741Z[0m [[32m[1mdebug    [0m] [1mBEFORE _get_engine: creating async engine[0m [[0m[1m[34mapp.core.db[0m][0m [36mrequest_id[0m=[35m8245e9955f404e2691465cbe62a9e716[0m
[2m2026-05-09T04:42:45.441839Z[0m [[32m[1mdebug    [0m] [1mBEFORE get_settings: loading from environment[0m [[0m[1m[34mapp.core.config[0m][0m [36mrequest_id[0m=[35m8245e9955f404e2691465cbe62a9e716[0m
[2m2026-05-09T04:42:45.443337Z[0m [[32m[1mdebug    [0m] [1mAFTER get_settings: loaded (api_host=127.0.0.1, api_port=8000, verbose=True)[0m [[0m[1m[34mapp.core.config[0m][0m [36mrequest_id[0m=[35m8245e9955f404e2691465cbe62a9e716[0m
[2m2026-05-09T04:42:45.513239Z[0m [[32m[1mdebug    [0m] [1mAFTER _get_engine: engine created (host redacted)[0m [[0m[1m[34mapp.core.db[0m][0m [36mrequest_id[0m=[35m8245e9955f404e2691465cbe62a9e716[0m
2026-05-09 06:42:45,549 INFO sqlalchemy.engine.Engine select pg_catalog.version()
[2m2026-05-09T04:42:45.549187Z[0m [[32m[1minfo     [0m] [1mselect pg_catalog.version()   [0m [[0m[1m[34msqlalchemy.engine.Engine[0m][0m [36mrequest_id[0m=[35m8245e9955f404e2691465cbe62a9e716[0m
2026-05-09 06:42:45,549 INFO sqlalchemy.engine.Engine [raw sql] ()
[2m2026-05-09T04:42:45.549311Z[0m [[32m[1minfo     [0m] [1m[raw sql] ()                  [0m [[0m[1m[34msqlalchemy.engine.Engine[0m][0m [36mrequest_id[0m=[35m8245e9955f404e2691465cbe62a9e716[0m
2026-05-09 06:42:45,553 INFO sqlalchemy.engine.Engine select current_schema()
[2m2026-05-09T04:42:45.553043Z[0m [[32m[1minfo     [0m] [1mselect current_schema()       [0m [[0m[1m[34msqlalchemy.engine.Engine[0m][0m [36mrequest_id[0m=[35m8245e9955f404e2691465cbe62a9e716[0m
2026-05-09 06:42:45,553 INFO sqlalchemy.engine.Engine [raw sql] ()
[2m2026-05-09T04:42:45.553103Z[0m [[32m[1minfo     [0m] [1m[raw sql] ()                  [0m [[0m[1m[34msqlalchemy.engine.Engine[0m][0m [36mrequest_id[0m=[35m8245e9955f404e2691465cbe62a9e716[0m
2026-05-09 06:42:45,556 INFO sqlalchemy.engine.Engine show standard_conforming_strings
[2m2026-05-09T04:42:45.556198Z[0m [[32m[1minfo     [0m] [1mshow standard_conforming_strings[0m [[0m[1m[34msqlalchemy.engine.Engine[0m][0m [36mrequest_id[0m=[35m8245e9955f404e2691465cbe62a9e716[0m
2026-05-09 06:42:45,556 INFO sqlalchemy.engine.Engine [raw sql] ()
[2m2026-05-09T04:42:45.556258Z[0m [[32m[1minfo     [0m] [1m[raw sql] ()                  [0m [[0m[1m[34msqlalchemy.engine.Engine[0m][0m [36mrequest_id[0m=[35m8245e9955f404e2691465cbe62a9e716[0m
2026-05-09 06:42:45,558 INFO sqlalchemy.engine.Engine BEGIN (implicit)
[2m2026-05-09T04:42:45.558479Z[0m [[32m[1minfo     [0m] [1mBEGIN (implicit)              [0m [[0m[1m[34msqlalchemy.engine.Engine[0m][0m [36mrequest_id[0m=[35m8245e9955f404e2691465cbe62a9e716[0m
2026-05-09 06:42:45,558 INFO sqlalchemy.engine.Engine SELECT 1
[2m2026-05-09T04:42:45.558525Z[0m [[32m[1minfo     [0m] [1mSELECT 1                      [0m [[0m[1m[34msqlalchemy.engine.Engine[0m][0m [36mrequest_id[0m=[35m8245e9955f404e2691465cbe62a9e716[0m
2026-05-09 06:42:45,558 INFO sqlalchemy.engine.Engine [generated in 0.00013s] ()
[2m2026-05-09T04:42:45.558571Z[0m [[32m[1minfo     [0m] [1m[generated in 0.00013s] ()    [0m [[0m[1m[34msqlalchemy.engine.Engine[0m][0m [36mrequest_id[0m=[35m8245e9955f404e2691465cbe62a9e716[0m
2026-05-09 06:42:45,560 INFO sqlalchemy.engine.Engine ROLLBACK
[2m2026-05-09T04:42:45.560527Z[0m [[32m[1minfo     [0m] [1mROLLBACK                      [0m [[0m[1m[34msqlalchemy.engine.Engine[0m][0m [36mrequest_id[0m=[35m8245e9955f404e2691465cbe62a9e716[0m
[2m2026-05-09T04:42:45.561287Z[0m [[32m[1mdebug    [0m] [1mAFTER health.db.ok: SELECT 1 succeeded[0m [[0m[1m[34mapp.api.router[0m][0m [36mrequest_id[0m=[35m8245e9955f404e2691465cbe62a9e716[0m
[2m2026-05-09T04:42:45.561335Z[0m [[32m[1mdebug    [0m] [1mAFTER health.ready.ok: all wired probes passed[0m [[0m[1m[34mapp.api.router[0m][0m [36mdb_status[0m=[35mok[0m [36mrequest_id[0m=[35m8245e9955f404e2691465cbe62a9e716[0m
INFO:     127.0.0.1:51882 - "GET /ready HTTP/1.1" 200 OK
[2m2026-05-09T04:42:45.607114Z[0m [[32m[1mdebug    [0m] [1mBEFORE health.start: computing uptime[0m [[0m[1m[34mapp.api.router[0m][0m [36mrequest_id[0m=[35mverify-slice-001[0m
[2m2026-05-09T04:42:45.607311Z[0m [[32m[1mdebug    [0m] [1mAFTER health.ok: returning status[0m [[0m[1m[34mapp.api.router[0m][0m [36mrequest_id[0m=[35mverify-slice-001[0m [36mstatus[0m=[35mok[0m [36muptime_s[0m=[35m22.045[0m
INFO:     127.0.0.1:51885 - "GET /health HTTP/1.1" 200 OK
[2m2026-05-09T04:42:45.630639Z[0m [[32m[1mdebug    [0m] [1mBEFORE health.start: computing uptime[0m [[0m[1m[34mapp.api.router[0m][0m [36mrequest_id[0m=[35m5c99219b11914d889950af500fbcd7d3[0m
[2m2026-05-09T04:42:45.630927Z[0m [[32m[1mdebug    [0m] [1mAFTER health.ok: returning status[0m [[0m[1m[34mapp.api.router[0m][0m [36mrequest_id[0m=[35m5c99219b11914d889950af500fbcd7d3[0m [36mstatus[0m=[35mok[0m [36muptime_s[0m=[35m22.069[0m
INFO:     127.0.0.1:51886 - "GET /health HTTP/1.1" 200 OK
[2m2026-05-09T04:42:46.694343Z[0m [[32m[1mdebug    [0m] [1mBEFORE health.start: computing uptime[0m [[0m[1m[34mapp.api.router[0m][0m [36mrequest_id[0m=[35m94ddddd4eff2487e9a71cdff07280241[0m
[2m2026-05-09T04:42:46.694477Z[0m [[32m[1mdebug    [0m] [1mAFTER health.ok: returning status[0m [[0m[1m[34mapp.api.router[0m][0m [36mrequest_id[0m=[35m94ddddd4eff2487e9a71cdff07280241[0m [36mstatus[0m=[35mok[0m [36muptime_s[0m=[35m23.132[0m
INFO:     127.0.0.1:51888 - "GET /health HTTP/1.1" 200 OK
INFO:     127.0.0.1:51889 - "GET /does-not-exist HTTP/1.1" 404 Not Found
INFO:     Shutting down
INFO:     Waiting for application shutdown.
INFO:     Application shutdown complete.
INFO:     Finished server process [90421]
