============================= test session starts ==============================
platform darwin -- Python 3.11.5, pytest-9.0.2, pluggy-1.6.0 -- /usr/local/bin/python3
cachedir: .pytest_cache
rootdir: /Users/sergiolr/Desktop/Productos/React-Python-Login-Admin-worktrees/P04-S01-T011/backend
configfile: pyproject.toml
plugins: httpx-0.36.0, asyncio-1.3.0, langsmith-0.8.3, anyio-4.13.0
asyncio: mode=Mode.AUTO, debug=False, asyncio_default_fixture_loop_scope=None, asyncio_default_test_loop_scope=function
collecting ... collected 18 items

tests/unit/test_security.py::TestEncryption::test_encrypt_decrypt_roundtrip_plain_text PASSED [  5%]
tests/unit/test_security.py::TestEncryption::test_encrypt_produces_different_ciphertexts_for_same_plaintext PASSED [ 11%]
tests/unit/test_security.py::TestEncryption::test_encrypt_ciphertext_is_not_plaintext PASSED [ 16%]
tests/unit/test_security.py::TestEncryption::test_encryption_key_missing_raises PASSED [ 22%]
tests/unit/test_security.py::TestEncryption::test_encryption_key_placeholder_raises PASSED [ 27%]
tests/unit/test_security.py::TestEncryption::test_decrypt_invalid_token_raises_typed_error PASSED [ 33%]
tests/unit/test_security.py::TestPermissions::test_require_user_returns_401_when_no_bearer PASSED [ 38%]
tests/unit/test_security.py::TestPermissions::test_require_role_returns_401_when_no_bearer PASSED [ 44%]
tests/unit/test_security.py::TestPermissions::test_require_admin_returns_403_when_authenticated_but_missing_role PASSED [ 50%]
tests/unit/test_security.py::TestPermissions::test_require_admin_returns_200_for_people_admin_user PASSED [ 55%]
tests/unit/test_security.py::TestPermissions::test_require_admin_also_grants_super_admin PASSED [ 61%]
tests/unit/test_security.py::TestPermissions::test_require_role_factory_composes_multi_role_users PASSED [ 66%]
tests/unit/test_security.py::TestRateLimit::test_rate_limit_allows_under_burst PASSED [ 72%]
tests/unit/test_security.py::TestRateLimit::test_rate_limit_blocks_when_burst_exhausted PASSED [ 77%]
tests/unit/test_security.py::TestRateLimit::test_rate_limit_resets_after_window_expires PASSED [ 83%]
tests/unit/test_security.py::TestRateLimit::test_rate_limit_per_ip_isolation PASSED [ 88%]
tests/unit/test_security.py::TestRateLimit::test_rate_limit_per_prefix_isolation PASSED [ 94%]
tests/unit/test_security.py::TestRateLimit::test_rate_limit_logs_warning_on_exceeded_and_debug_under_verbose PASSED [100%]

============================== 18 passed in 5.77s ==============================
